<?xml version="1.0" encoding="UTF-8"?>
<!-- Generated by org.testng.reporters.JUnitReportReporter -->
<testsuite hostname="DESKTOP-JAQ1CI6" failures="0" tests="1" name="com.mystore.testcases.AddToCartTest" time="18.710" errors="0" timestamp="2024-08-08T21:21:53 IST" skipped="0">
  <testcase classname="com.mystore.testcases.AddToCartTest" name="addToCart" time="18.710"/>
  <system-out/>
</testsuite> <!-- com.mystore.testcases.AddToCartTest -->
