<?xml version="1.0" encoding="UTF-8"?>
<!-- Generated by org.testng.reporters.JUnitReportReporter -->
<testsuite hostname="DESKTOP-JAQ1CI6" failures="0" tests="1" name="com.mystore.testcases.LoginPageTest" time="13.120" errors="0" timestamp="2024-08-08T21:21:53 IST" skipped="0">
  <testcase classname="com.mystore.testcases.LoginPageTest" name="loginTest" time="13.120"/>
  <system-out/>
</testsuite> <!-- com.mystore.testcases.LoginPageTest -->
