<?xml version="1.0" encoding="UTF-8"?>
<!-- Generated by org.testng.reporters.JUnitReportReporter -->
<testsuite hostname="DESKTOP-JAQ1CI6" failures="0" tests="1" name="com.mystore.testcases.OrderPageTest" time="23.779" errors="0" timestamp="2024-08-08T21:21:53 IST" skipped="0">
  <testcase classname="com.mystore.testcases.OrderPageTest" name="verifyTotalPrice" time="23.779"/>
  <system-out/>
</testsuite> <!-- com.mystore.testcases.OrderPageTest -->
