<?xml version="1.0" encoding="UTF-8"?>
<!-- Generated by org.testng.reporters.JUnitReportReporter -->
<testsuite hostname="DESKTOP-JAQ1CI6" failures="0" tests="2" name="com.mystore.testcases.IndexPageText" time="15.697" errors="0" timestamp="2024-08-08T21:21:53 IST" skipped="0">
  <testcase classname="com.mystore.testcases.IndexPageText" name="verifyLogo" time="7.945"/>
  <system-out/>
  <testcase classname="com.mystore.testcases.IndexPageText" name="verifyTitle" time="7.752"/>
  <system-out/>
</testsuite> <!-- com.mystore.testcases.IndexPageText -->
