<?xml version="1.0" encoding="UTF-8"?>
<!-- Generated by org.testng.reporters.JUnitReportReporter -->
<testsuite hostname="DESKTOP-JAQ1CI6" failures="0" tests="1" name="com.mystore.testcases.SearchResultPageTest" time="12.325" errors="0" timestamp="2024-08-08T21:21:53 IST" skipped="0">
  <testcase classname="com.mystore.testcases.SearchResultPageTest" name="productAvailabilityTest" time="12.325"/>
  <system-out/>
</testsuite> <!-- com.mystore.testcases.SearchResultPageTest -->
